2016/07/15 11:57:43 INFO  - jmeter.util.JMeterUtils: Setting Locale to en_US 
2016/07/15 11:57:43 INFO  - jmeter.JMeter: Loading user properties from: /home/internship/my_git_projectIoanaB/apache-jmeter-3.0/bin/user.properties 
2016/07/15 11:57:43 INFO  - jmeter.JMeter: Loading system properties from: /home/internship/my_git_projectIoanaB/apache-jmeter-3.0/bin/system.properties 
2016/07/15 11:57:43 INFO  - jmeter.JMeter: Copyright (c) 1998-2016 The Apache Software Foundation 
2016/07/15 11:57:43 INFO  - jmeter.JMeter: Version 3.0 r1743807 
2016/07/15 11:57:43 INFO  - jmeter.JMeter: java.version=1.7.0_101 
2016/07/15 11:57:43 INFO  - jmeter.JMeter: java.vm.name=OpenJDK 64-Bit Server VM 
2016/07/15 11:57:43 INFO  - jmeter.JMeter: os.name=Linux 
2016/07/15 11:57:43 INFO  - jmeter.JMeter: os.arch=amd64 
2016/07/15 11:57:43 INFO  - jmeter.JMeter: os.version=4.2.0-41-generic 
2016/07/15 11:57:43 INFO  - jmeter.JMeter: file.encoding=UTF-8 
2016/07/15 11:57:43 INFO  - jmeter.JMeter: Max memory     =515375104 
2016/07/15 11:57:43 INFO  - jmeter.JMeter: Available Processors =8 
2016/07/15 11:57:43 INFO  - jmeter.JMeter: Default Locale=English (United States) 
2016/07/15 11:57:43 INFO  - jmeter.JMeter: JMeter  Locale=English (United States) 
2016/07/15 11:57:43 INFO  - jmeter.JMeter: JMeterHome=/home/internship/my_git_projectIoanaB/apache-jmeter-3.0 
2016/07/15 11:57:43 INFO  - jmeter.JMeter: user.dir  =/home/internship/my_git_projectIoanaB/apache-jmeter-3.0/bin 
2016/07/15 11:57:43 INFO  - jmeter.JMeter: PWD       =/home/internship/my_git_projectIoanaB/apache-jmeter-3.0/bin 
2016/07/15 11:57:43 INFO  - jmeter.JMeter: IP: 127.0.1.1 Name: internship-K95VJ FullName: internship-K95VJ 
2016/07/15 11:57:44 INFO  - jmeter.gui.action.LookAndFeelCommand: Using look and feel: javax.swing.plaf.metal.MetalLookAndFeel [Metal, CrossPlatform] 
2016/07/15 11:57:44 INFO  - jmeter.JMeter: Loaded icon properties from org/apache/jmeter/images/icon.properties 
2016/07/15 11:57:45 INFO  - jmeter.engine.util.CompoundVariable: Note: Function class names must contain the string: '.functions.' 
2016/07/15 11:57:45 INFO  - jmeter.engine.util.CompoundVariable: Note: Function class names must not contain the string: '.gui.' 
2016/07/15 11:57:46 INFO  - jmeter.util.BSFTestElement: Registering JMeter version of JavaScript engine as work-round for BSF-22 
2016/07/15 11:57:47 INFO  - jmeter.protocol.http.sampler.HTTPSamplerBase: Parser for text/html is org.apache.jmeter.protocol.http.parser.LagartoBasedHtmlParser 
2016/07/15 11:57:47 INFO  - jmeter.protocol.http.sampler.HTTPSamplerBase: Parser for application/xhtml+xml is org.apache.jmeter.protocol.http.parser.LagartoBasedHtmlParser 
2016/07/15 11:57:47 INFO  - jmeter.protocol.http.sampler.HTTPSamplerBase: Parser for application/xml is org.apache.jmeter.protocol.http.parser.LagartoBasedHtmlParser 
2016/07/15 11:57:47 INFO  - jmeter.protocol.http.sampler.HTTPSamplerBase: Parser for text/xml is org.apache.jmeter.protocol.http.parser.LagartoBasedHtmlParser 
2016/07/15 11:57:47 INFO  - jmeter.protocol.http.sampler.HTTPSamplerBase: Parser for text/vnd.wap.wml is org.apache.jmeter.protocol.http.parser.RegexpHTMLParser 
2016/07/15 11:57:47 INFO  - jmeter.protocol.http.sampler.HTTPSamplerBase: Parser for text/css is org.apache.jmeter.protocol.http.parser.CssParser 
2016/07/15 11:57:47 INFO  - jorphan.exec.KeyToolUtils: keytool found at 'keytool' 
2016/07/15 11:57:47 INFO  - jmeter.protocol.http.proxy.ProxyControl: HTTP(S) Test Script Recorder SSL Proxy will use keys that support embedded 3rd party resources in file /home/internship/my_git_projectIoanaB/apache-jmeter-3.0/bin/proxyserver.jks 
2016/07/15 11:57:48 INFO  - jmeter.gui.util.MenuFactory: Skipping org.apache.jmeter.protocol.mongodb.config.MongoSourceElement 
2016/07/15 11:57:48 INFO  - jmeter.gui.util.MenuFactory: Skipping org.apache.jmeter.protocol.mongodb.sampler.MongoScriptSampler 
2016/07/15 11:57:48 INFO  - jmeter.gui.util.MenuFactory: Skipping org.apache.jmeter.visualizers.DistributionGraphVisualizer 
2016/07/15 11:57:48 INFO  - jmeter.samplers.SampleResult: Note: Sample TimeStamps are START times 
2016/07/15 11:57:48 INFO  - jmeter.samplers.SampleResult: sampleresult.default.encoding is set to ISO-8859-1 
2016/07/15 11:57:48 INFO  - jmeter.samplers.SampleResult: sampleresult.useNanoTime=true 
2016/07/15 11:57:48 INFO  - jmeter.samplers.SampleResult: sampleresult.nanoThreadSleep=5000 
2016/07/15 11:57:48 INFO  - jmeter.gui.util.MenuFactory: Skipping org.apache.jmeter.visualizers.SplineVisualizer 
2016/07/15 12:08:54 INFO  - jmeter.protocol.http.control.CookieManager: Settings: Delete null: true Check: true Allow variable: true Save: false Prefix: COOKIE_ 
2016/07/15 12:09:01 INFO  - jmeter.protocol.http.control.CacheManager: Will only cache the following methods: [GET] 
2016/07/15 12:26:58 INFO  - jmeter.protocol.http.proxy.ProxyControl: Creating Proxy CA in /home/internship/my_git_projectIoanaB/apache-jmeter-3.0/bin/proxyserver.jks 
2016/07/15 12:27:01 INFO  - jmeter.protocol.http.proxy.ProxyControl: Created keystore in /home/internship/my_git_projectIoanaB/apache-jmeter-3.0/bin/proxyserver.jks 
2016/07/15 12:27:01 INFO  - jmeter.protocol.http.proxy.ProxyControl: Creating entry localhost in /home/internship/my_git_projectIoanaB/apache-jmeter-3.0/bin/proxyserver.jks 
2016/07/15 12:27:03 INFO  - jmeter.protocol.http.proxy.Daemon: Creating Daemon Socket on port: 8080 
2016/07/15 12:27:03 INFO  - jmeter.protocol.http.proxy.Daemon: Test Script Recorder up and running! 
2016/07/15 12:27:48 INFO  - jmeter.protocol.http.proxy.Proxy: Proxy will remove the headers: If-Modified-Since,If-None-Match,Host 
2016/07/15 12:27:48 INFO  - jmeter.protocol.http.sampler.HTTPHCAbstractImpl: Local host = internship-K95VJ 
2016/07/15 12:27:48 INFO  - jmeter.protocol.http.sampler.HTTPHC4Impl: HTTP request retry count = 0 
2016/07/15 12:27:49 INFO  - jmeter.samplers.SampleEvent: List of sample_variables: [] 
2016/07/15 12:27:53 INFO  - jmeter.protocol.http.proxy.ProxyControl: [59326] Creating entry s-usc1c-nss-117.firebaseio.com in /home/internship/my_git_projectIoanaB/apache-jmeter-3.0/bin/proxyserver.jks 
2016/07/15 12:27:55 INFO  - jmeter.protocol.http.proxy.Proxy: [59326] KeyStore for SSL loaded OK and put host 's-usc1c-nss-117.firebaseio.com' in map with key (s-usc1c-nss-117.firebaseio.com) 
2016/07/15 12:27:55 WARN  - jmeter.protocol.http.proxy.Proxy: [59326] Problem with SSL certificate for 's-usc1c-nss-117.firebaseio.com'? Ensure browser is set to accept the JMeter proxy cert: Received fatal alert: unknown_ca 
2016/07/15 12:27:58 WARN  - jmeter.protocol.http.proxy.Proxy: [59424] Problem with SSL certificate for 's-usc1c-nss-117.firebaseio.com'? Ensure browser is set to accept the JMeter proxy cert: Received fatal alert: unknown_ca 
2016/07/15 12:47:09 WARN  - jmeter.protocol.http.proxy.HttpRequestHdr: Url 'http://www.bing.com/fd/ls/l?IG=7A06824B675A4AB1997B5566E02D7BB2&CID=0AF5AFAEACBD679A3D4DA6FDADCF661F&Type=Event.CPT&DATA={%22pp%22:{%22S%22:%22L%22,%22FC%22:-1,%22BC%22:-1,%22H%22:48,%22BP%22:131,%22CT%22:153,%22IL%22:1},%22ad%22:[-1,-1,1855,953,1855,953,0]}&P=SERP&DA=DB5' contains unsafe characters, will escape it, message:Illegal character in query at index 121: http://www.bing.com/fd/ls/l?IG=7A06824B675A4AB1997B5566E02D7BB2&CID=0AF5AFAEACBD679A3D4DA6FDADCF661F&Type=Event.CPT&DATA={%22pp%22:{%22S%22:%22L%22,%22FC%22:-1,%22BC%22:-1,%22H%22:48,%22BP%22:131,%22CT%22:153,%22IL%22:1},%22ad%22:[-1,-1,1855,953,1855,953,0]}&P=SERP&DA=DB5 
2016/07/15 12:47:11 WARN  - jmeter.protocol.http.proxy.HttpRequestHdr: Url 'http://www.bing.com/fd/ls/l?IG=7A06824B675A4AB1997B5566E02D7BB2&CID=0AF5AFAEACBD679A3D4DA6FDADCF661F&Type=Event.PPT&DATA={%22S%22:26,%22E%22:2157,%22T%22:0,%22I%22:0,%22N%22:{%22H%22:{%22S%22:565,%22E%22:2149,%22T%22:1}},%22M%22:{}}&P=SERP&DA=DB5' contains unsafe characters, will escape it, message:Illegal character in query at index 121: http://www.bing.com/fd/ls/l?IG=7A06824B675A4AB1997B5566E02D7BB2&CID=0AF5AFAEACBD679A3D4DA6FDADCF661F&Type=Event.PPT&DATA={%22S%22:26,%22E%22:2157,%22T%22:0,%22I%22:0,%22N%22:{%22H%22:{%22S%22:565,%22E%22:2149,%22T%22:1}},%22M%22:{}}&P=SERP&DA=DB5 
2016/07/15 12:47:23 WARN  - jmeter.protocol.http.proxy.HttpRequestHdr: Url 'http://www.bing.com/fd/ls/l?IG=07A4CCF5143345CDA1AE27595451CBAE&Type=Event.CPT&DATA={%22pp%22:{%22S%22:%22L%22,%22FC%22:20,%22BC%22:20,%22H%22:37,%22BP%22:118,%22CT%22:124,%22IL%22:2},%22ad%22:[-1,-1,1845,953,1845,1394,1]}&P=SERP&DA=BN1' contains unsafe characters, will escape it, message:Illegal character in query at index 84: http://www.bing.com/fd/ls/l?IG=07A4CCF5143345CDA1AE27595451CBAE&Type=Event.CPT&DATA={%22pp%22:{%22S%22:%22L%22,%22FC%22:20,%22BC%22:20,%22H%22:37,%22BP%22:118,%22CT%22:124,%22IL%22:2},%22ad%22:[-1,-1,1845,953,1845,1394,1]}&P=SERP&DA=BN1 
2016/07/15 12:50:26 INFO  - jmeter.services.FileServer: Default base='/home/internship/my_git_projectIoanaB/apache-jmeter-3.0/bin' 
2016/07/15 12:50:26 INFO  - jmeter.services.FileServer: Set new base='/home/internship/my_git_projectIoanaB/apache-jmeter-3.0/bin' 
2016/07/15 12:50:26 INFO  - jmeter.save.SaveService: Testplan (JMX) version: 2.2. Testlog (JTL) version: 2.2 
2016/07/15 12:50:26 INFO  - jmeter.save.SaveService: Using SaveService properties file encoding UTF-8 
2016/07/15 12:50:26 INFO  - jmeter.save.SaveService: Using SaveService properties version 2.9 
2016/07/15 12:50:26 INFO  - jmeter.save.SaveService: All converter versions present and correct 
2016/07/15 12:50:26 INFO  - jmeter.engine.StandardJMeterEngine: Running the test! 
2016/07/15 12:50:26 INFO  - jmeter.samplers.SampleEvent: List of sample_variables: [] 
2016/07/15 12:50:26 INFO  - jmeter.gui.util.JMeterMenuBar: setRunning(true,*local*) 
2016/07/15 12:50:27 INFO  - jmeter.engine.StandardJMeterEngine: Starting ThreadGroup: 1 : Next-Episode 
2016/07/15 12:50:27 INFO  - jmeter.engine.StandardJMeterEngine: Starting 50 threads for group Next-Episode. 
2016/07/15 12:50:27 INFO  - jmeter.engine.StandardJMeterEngine: Thread will continue on error 
2016/07/15 12:50:27 INFO  - jmeter.threads.ThreadGroup: Starting thread group number 1 threads 50 ramp-up 10 perThread 200.0 delayedStart=false 
2016/07/15 12:50:27 INFO  - jmeter.threads.JMeterThread: Thread started: Next-Episode 1-1 
2016/07/15 12:50:27 INFO  - jmeter.threads.ThreadGroup: Started thread group number 1 
2016/07/15 12:50:27 INFO  - jmeter.engine.StandardJMeterEngine: All thread groups have been started 
2016/07/15 12:50:27 INFO  - jmeter.threads.JMeterThread: Thread started: Next-Episode 1-2 
2016/07/15 12:50:27 INFO  - jmeter.threads.JMeterThread: Thread started: Next-Episode 1-3 
2016/07/15 12:50:27 INFO  - jmeter.threads.JMeterThread: Thread started: Next-Episode 1-4 
2016/07/15 12:50:27 INFO  - jmeter.threads.JMeterThread: Thread started: Next-Episode 1-5 
2016/07/15 12:50:27 INFO  - jmeter.threads.JMeterThread: Thread is done: Next-Episode 1-1 
2016/07/15 12:50:27 INFO  - jmeter.threads.JMeterThread: Thread finished: Next-Episode 1-1 
2016/07/15 12:50:28 INFO  - jmeter.threads.JMeterThread: Thread started: Next-Episode 1-6 
2016/07/15 12:50:28 INFO  - jmeter.threads.JMeterThread: Thread is done: Next-Episode 1-2 
2016/07/15 12:50:28 INFO  - jmeter.threads.JMeterThread: Thread finished: Next-Episode 1-2 
2016/07/15 12:50:28 INFO  - jmeter.threads.JMeterThread: Thread started: Next-Episode 1-7 
2016/07/15 12:50:28 INFO  - jmeter.threads.JMeterThread: Thread is done: Next-Episode 1-4 
2016/07/15 12:50:28 INFO  - jmeter.threads.JMeterThread: Thread finished: Next-Episode 1-4 
2016/07/15 12:50:28 INFO  - jmeter.threads.JMeterThread: Thread started: Next-Episode 1-8 
2016/07/15 12:50:28 INFO  - jmeter.threads.JMeterThread: Thread is done: Next-Episode 1-3 
2016/07/15 12:50:28 INFO  - jmeter.threads.JMeterThread: Thread finished: Next-Episode 1-3 
2016/07/15 12:50:28 INFO  - jmeter.threads.JMeterThread: Thread started: Next-Episode 1-9 
2016/07/15 12:50:28 INFO  - jmeter.threads.JMeterThread: Thread started: Next-Episode 1-10 
2016/07/15 12:50:28 INFO  - jmeter.threads.JMeterThread: Thread is done: Next-Episode 1-5 
2016/07/15 12:50:28 INFO  - jmeter.threads.JMeterThread: Thread finished: Next-Episode 1-5 
2016/07/15 12:50:29 INFO  - jmeter.threads.JMeterThread: Thread started: Next-Episode 1-11 
2016/07/15 12:50:29 INFO  - jmeter.threads.JMeterThread: Thread is done: Next-Episode 1-6 
2016/07/15 12:50:29 INFO  - jmeter.threads.JMeterThread: Thread finished: Next-Episode 1-6 
2016/07/15 12:50:29 INFO  - jmeter.threads.JMeterThread: Thread is done: Next-Episode 1-7 
2016/07/15 12:50:29 INFO  - jmeter.threads.JMeterThread: Thread finished: Next-Episode 1-7 
2016/07/15 12:50:29 INFO  - jmeter.threads.JMeterThread: Thread started: Next-Episode 1-12 
2016/07/15 12:50:29 INFO  - jmeter.threads.JMeterThread: Thread started: Next-Episode 1-13 
2016/07/15 12:50:29 INFO  - jmeter.threads.JMeterThread: Thread is done: Next-Episode 1-8 
2016/07/15 12:50:29 INFO  - jmeter.threads.JMeterThread: Thread finished: Next-Episode 1-8 
2016/07/15 12:50:29 INFO  - jmeter.threads.JMeterThread: Thread started: Next-Episode 1-14 
2016/07/15 12:50:29 INFO  - jmeter.threads.JMeterThread: Thread is done: Next-Episode 1-9 
2016/07/15 12:50:29 INFO  - jmeter.threads.JMeterThread: Thread finished: Next-Episode 1-9 
2016/07/15 12:50:29 INFO  - jmeter.threads.JMeterThread: Thread started: Next-Episode 1-15 
2016/07/15 12:50:29 INFO  - jmeter.threads.JMeterThread: Thread is done: Next-Episode 1-10 
2016/07/15 12:50:29 INFO  - jmeter.threads.JMeterThread: Thread finished: Next-Episode 1-10 
2016/07/15 12:50:30 INFO  - jmeter.threads.JMeterThread: Thread started: Next-Episode 1-16 
2016/07/15 12:50:30 INFO  - jmeter.threads.JMeterThread: Thread is done: Next-Episode 1-11 
2016/07/15 12:50:30 INFO  - jmeter.threads.JMeterThread: Thread finished: Next-Episode 1-11 
2016/07/15 12:50:30 INFO  - jmeter.threads.JMeterThread: Thread started: Next-Episode 1-17 
2016/07/15 12:50:30 INFO  - jmeter.threads.JMeterThread: Thread is done: Next-Episode 1-12 
2016/07/15 12:50:30 INFO  - jmeter.threads.JMeterThread: Thread finished: Next-Episode 1-12 
2016/07/15 12:50:30 INFO  - jmeter.threads.JMeterThread: Thread is done: Next-Episode 1-13 
2016/07/15 12:50:30 INFO  - jmeter.threads.JMeterThread: Thread finished: Next-Episode 1-13 
2016/07/15 12:50:30 INFO  - jmeter.threads.JMeterThread: Thread started: Next-Episode 1-18 
2016/07/15 12:50:30 INFO  - jmeter.threads.JMeterThread: Thread is done: Next-Episode 1-14 
2016/07/15 12:50:30 INFO  - jmeter.threads.JMeterThread: Thread finished: Next-Episode 1-14 
2016/07/15 12:50:30 INFO  - jmeter.threads.JMeterThread: Thread started: Next-Episode 1-19 
2016/07/15 12:50:30 INFO  - jmeter.threads.JMeterThread: Thread started: Next-Episode 1-20 
2016/07/15 12:50:30 INFO  - jmeter.threads.JMeterThread: Thread is done: Next-Episode 1-15 
2016/07/15 12:50:30 INFO  - jmeter.threads.JMeterThread: Thread finished: Next-Episode 1-15 
2016/07/15 12:50:31 INFO  - jmeter.threads.JMeterThread: Thread started: Next-Episode 1-21 
2016/07/15 12:50:31 INFO  - jmeter.threads.JMeterThread: Thread is done: Next-Episode 1-16 
2016/07/15 12:50:31 INFO  - jmeter.threads.JMeterThread: Thread finished: Next-Episode 1-16 
2016/07/15 12:50:31 INFO  - jmeter.threads.JMeterThread: Thread is done: Next-Episode 1-17 
2016/07/15 12:50:31 INFO  - jmeter.threads.JMeterThread: Thread finished: Next-Episode 1-17 
2016/07/15 12:50:31 INFO  - jmeter.threads.JMeterThread: Thread started: Next-Episode 1-22 
2016/07/15 12:50:31 INFO  - jmeter.threads.JMeterThread: Thread started: Next-Episode 1-23 
2016/07/15 12:50:31 INFO  - jmeter.threads.JMeterThread: Thread started: Next-Episode 1-24 
2016/07/15 12:50:31 INFO  - jmeter.threads.JMeterThread: Thread is done: Next-Episode 1-19 
2016/07/15 12:50:31 INFO  - jmeter.threads.JMeterThread: Thread finished: Next-Episode 1-19 
2016/07/15 12:50:31 INFO  - jmeter.threads.JMeterThread: Thread is done: Next-Episode 1-18 
2016/07/15 12:50:31 INFO  - jmeter.threads.JMeterThread: Thread finished: Next-Episode 1-18 
2016/07/15 12:50:31 INFO  - jmeter.threads.JMeterThread: Thread started: Next-Episode 1-25 
2016/07/15 12:50:31 INFO  - jmeter.threads.JMeterThread: Thread is done: Next-Episode 1-20 
2016/07/15 12:50:31 INFO  - jmeter.threads.JMeterThread: Thread finished: Next-Episode 1-20 
2016/07/15 12:50:31 INFO  - jmeter.threads.JMeterThread: Thread is done: Next-Episode 1-21 
2016/07/15 12:50:31 INFO  - jmeter.threads.JMeterThread: Thread finished: Next-Episode 1-21 
2016/07/15 12:50:32 INFO  - jmeter.threads.JMeterThread: Thread started: Next-Episode 1-26 
2016/07/15 12:50:32 INFO  - jmeter.threads.JMeterThread: Thread is done: Next-Episode 1-22 
2016/07/15 12:50:32 INFO  - jmeter.threads.JMeterThread: Thread finished: Next-Episode 1-22 
2016/07/15 12:50:32 INFO  - jmeter.threads.JMeterThread: Thread started: Next-Episode 1-27 
2016/07/15 12:50:32 INFO  - jmeter.threads.JMeterThread: Thread started: Next-Episode 1-28 
2016/07/15 12:50:32 INFO  - jmeter.threads.JMeterThread: Thread is done: Next-Episode 1-23 
2016/07/15 12:50:32 INFO  - jmeter.threads.JMeterThread: Thread finished: Next-Episode 1-23 
2016/07/15 12:50:32 INFO  - jmeter.threads.JMeterThread: Thread started: Next-Episode 1-29 
2016/07/15 12:50:32 INFO  - jmeter.threads.JMeterThread: Thread is done: Next-Episode 1-24 
2016/07/15 12:50:32 INFO  - jmeter.threads.JMeterThread: Thread finished: Next-Episode 1-24 
2016/07/15 12:50:32 INFO  - jmeter.threads.JMeterThread: Thread started: Next-Episode 1-30 
2016/07/15 12:50:33 INFO  - jmeter.threads.JMeterThread: Thread started: Next-Episode 1-31 
2016/07/15 12:50:33 INFO  - jmeter.threads.JMeterThread: Thread started: Next-Episode 1-32 
2016/07/15 12:50:33 INFO  - jmeter.threads.JMeterThread: Thread is done: Next-Episode 1-26 
2016/07/15 12:50:33 INFO  - jmeter.threads.JMeterThread: Thread finished: Next-Episode 1-26 
2016/07/15 12:50:33 INFO  - jmeter.threads.JMeterThread: Thread started: Next-Episode 1-33 
2016/07/15 12:50:33 INFO  - jmeter.threads.JMeterThread: Thread started: Next-Episode 1-34 
2016/07/15 12:50:33 INFO  - jmeter.threads.JMeterThread: Thread started: Next-Episode 1-35 
2016/07/15 12:50:34 INFO  - jmeter.threads.JMeterThread: Thread is done: Next-Episode 1-28 
2016/07/15 12:50:34 INFO  - jmeter.threads.JMeterThread: Thread finished: Next-Episode 1-28 
2016/07/15 12:50:34 INFO  - jmeter.threads.JMeterThread: Thread started: Next-Episode 1-36 
2016/07/15 12:50:34 INFO  - jmeter.threads.JMeterThread: Thread is done: Next-Episode 1-25 
2016/07/15 12:50:34 INFO  - jmeter.threads.JMeterThread: Thread finished: Next-Episode 1-25 
2016/07/15 12:50:34 INFO  - jmeter.threads.JMeterThread: Thread is done: Next-Episode 1-30 
2016/07/15 12:50:34 INFO  - jmeter.threads.JMeterThread: Thread finished: Next-Episode 1-30 
2016/07/15 12:50:34 INFO  - jmeter.threads.JMeterThread: Thread started: Next-Episode 1-37 
2016/07/15 12:50:34 INFO  - jmeter.threads.JMeterThread: Thread is done: Next-Episode 1-29 
2016/07/15 12:50:34 INFO  - jmeter.threads.JMeterThread: Thread finished: Next-Episode 1-29 
2016/07/15 12:50:34 INFO  - jmeter.threads.JMeterThread: Thread started: Next-Episode 1-38 
2016/07/15 12:50:34 INFO  - jmeter.threads.JMeterThread: Thread started: Next-Episode 1-39 
2016/07/15 12:50:34 INFO  - jmeter.threads.JMeterThread: Thread started: Next-Episode 1-40 
2016/07/15 12:50:35 INFO  - jmeter.threads.JMeterThread: Thread started: Next-Episode 1-41 
2016/07/15 12:50:35 INFO  - jmeter.threads.JMeterThread: Thread is done: Next-Episode 1-32 
2016/07/15 12:50:35 INFO  - jmeter.threads.JMeterThread: Thread finished: Next-Episode 1-32 
2016/07/15 12:50:35 INFO  - jmeter.threads.JMeterThread: Thread started: Next-Episode 1-42 
2016/07/15 12:50:35 INFO  - jmeter.threads.JMeterThread: Thread is done: Next-Episode 1-35 
2016/07/15 12:50:35 INFO  - jmeter.threads.JMeterThread: Thread finished: Next-Episode 1-35 
2016/07/15 12:50:35 INFO  - jmeter.threads.JMeterThread: Thread started: Next-Episode 1-43 
2016/07/15 12:50:35 INFO  - jmeter.threads.JMeterThread: Thread started: Next-Episode 1-44 
2016/07/15 12:50:35 INFO  - jmeter.threads.JMeterThread: Thread is done: Next-Episode 1-27 
2016/07/15 12:50:35 INFO  - jmeter.threads.JMeterThread: Thread finished: Next-Episode 1-27 
2016/07/15 12:50:35 INFO  - jmeter.threads.JMeterThread: Thread started: Next-Episode 1-45 
2016/07/15 12:50:36 INFO  - jmeter.threads.JMeterThread: Thread started: Next-Episode 1-46 
2016/07/15 12:50:36 INFO  - jmeter.threads.JMeterThread: Thread is done: Next-Episode 1-34 
2016/07/15 12:50:36 INFO  - jmeter.threads.JMeterThread: Thread finished: Next-Episode 1-34 
2016/07/15 12:50:36 INFO  - jmeter.threads.JMeterThread: Thread started: Next-Episode 1-47 
2016/07/15 12:50:36 INFO  - jmeter.threads.JMeterThread: Thread is done: Next-Episode 1-37 
2016/07/15 12:50:36 INFO  - jmeter.threads.JMeterThread: Thread finished: Next-Episode 1-37 
2016/07/15 12:50:36 INFO  - jmeter.threads.JMeterThread: Thread is done: Next-Episode 1-36 
2016/07/15 12:50:36 INFO  - jmeter.threads.JMeterThread: Thread finished: Next-Episode 1-36 
2016/07/15 12:50:36 INFO  - jmeter.threads.JMeterThread: Thread is done: Next-Episode 1-42 
2016/07/15 12:50:36 INFO  - jmeter.threads.JMeterThread: Thread finished: Next-Episode 1-42 
2016/07/15 12:50:36 INFO  - jmeter.threads.JMeterThread: Thread started: Next-Episode 1-48 
2016/07/15 12:50:36 INFO  - jmeter.threads.JMeterThread: Thread is done: Next-Episode 1-33 
2016/07/15 12:50:36 INFO  - jmeter.threads.JMeterThread: Thread finished: Next-Episode 1-33 
2016/07/15 12:50:36 INFO  - jmeter.threads.JMeterThread: Thread started: Next-Episode 1-49 
2016/07/15 12:50:36 INFO  - jmeter.threads.JMeterThread: Thread is done: Next-Episode 1-41 
2016/07/15 12:50:36 INFO  - jmeter.threads.JMeterThread: Thread finished: Next-Episode 1-41 
2016/07/15 12:50:36 INFO  - jmeter.threads.JMeterThread: Thread started: Next-Episode 1-50 
2016/07/15 12:50:36 INFO  - jmeter.threads.JMeterThread: Thread is done: Next-Episode 1-31 
2016/07/15 12:50:36 INFO  - jmeter.threads.JMeterThread: Thread finished: Next-Episode 1-31 
2016/07/15 12:50:37 INFO  - jmeter.threads.JMeterThread: Thread is done: Next-Episode 1-45 
2016/07/15 12:50:37 INFO  - jmeter.threads.JMeterThread: Thread is done: Next-Episode 1-38 
2016/07/15 12:50:37 INFO  - jmeter.threads.JMeterThread: Thread finished: Next-Episode 1-45 
2016/07/15 12:50:37 INFO  - jmeter.threads.JMeterThread: Thread finished: Next-Episode 1-38 
2016/07/15 12:50:37 INFO  - jmeter.threads.JMeterThread: Thread is done: Next-Episode 1-40 
2016/07/15 12:50:37 INFO  - jmeter.threads.JMeterThread: Thread finished: Next-Episode 1-40 
2016/07/15 12:50:37 INFO  - jmeter.threads.JMeterThread: Thread is done: Next-Episode 1-48 
2016/07/15 12:50:37 INFO  - jmeter.threads.JMeterThread: Thread finished: Next-Episode 1-48 
2016/07/15 12:50:37 INFO  - jmeter.threads.JMeterThread: Thread is done: Next-Episode 1-43 
2016/07/15 12:50:37 INFO  - jmeter.threads.JMeterThread: Thread finished: Next-Episode 1-43 
2016/07/15 12:50:37 INFO  - jmeter.threads.JMeterThread: Thread is done: Next-Episode 1-44 
2016/07/15 12:50:37 INFO  - jmeter.threads.JMeterThread: Thread finished: Next-Episode 1-44 
2016/07/15 12:50:37 INFO  - jmeter.threads.JMeterThread: Thread is done: Next-Episode 1-50 
2016/07/15 12:50:37 INFO  - jmeter.threads.JMeterThread: Thread finished: Next-Episode 1-50 
2016/07/15 12:50:38 INFO  - jmeter.threads.JMeterThread: Thread is done: Next-Episode 1-47 
2016/07/15 12:50:38 INFO  - jmeter.threads.JMeterThread: Thread finished: Next-Episode 1-47 
2016/07/15 12:50:38 INFO  - jmeter.threads.JMeterThread: Thread is done: Next-Episode 1-46 
2016/07/15 12:50:38 INFO  - jmeter.threads.JMeterThread: Thread finished: Next-Episode 1-46 
2016/07/15 12:50:38 INFO  - jmeter.threads.JMeterThread: Thread is done: Next-Episode 1-39 
2016/07/15 12:50:38 INFO  - jmeter.threads.JMeterThread: Thread finished: Next-Episode 1-39 
2016/07/15 12:50:38 INFO  - jmeter.threads.JMeterThread: Thread is done: Next-Episode 1-49 
2016/07/15 12:50:38 INFO  - jmeter.threads.JMeterThread: Thread finished: Next-Episode 1-49 
2016/07/15 12:50:38 INFO  - jmeter.engine.StandardJMeterEngine: Notifying test listeners of end of test 
2016/07/15 12:50:38 INFO  - jmeter.gui.util.JMeterMenuBar: setRunning(false,*local*) 
2016/07/15 13:00:35 INFO  - jmeter.engine.StandardJMeterEngine: Running the test! 
2016/07/15 13:00:35 INFO  - jmeter.samplers.SampleEvent: List of sample_variables: [] 
2016/07/15 13:00:35 INFO  - jmeter.gui.util.JMeterMenuBar: setRunning(true,*local*) 
2016/07/15 13:00:35 INFO  - jmeter.engine.StandardJMeterEngine: Starting ThreadGroup: 1 : Next-Episode 
2016/07/15 13:00:35 INFO  - jmeter.engine.StandardJMeterEngine: Starting 10 threads for group Next-Episode. 
2016/07/15 13:00:35 INFO  - jmeter.engine.StandardJMeterEngine: Thread will continue on error 
2016/07/15 13:00:35 INFO  - jmeter.threads.ThreadGroup: Starting thread group number 1 threads 10 ramp-up 5 perThread 500.0 delayedStart=false 
2016/07/15 13:00:35 INFO  - jmeter.threads.JMeterThread: Thread started: Next-Episode 1-1 
2016/07/15 13:00:35 INFO  - jmeter.threads.ThreadGroup: Started thread group number 1 
2016/07/15 13:00:35 INFO  - jmeter.engine.StandardJMeterEngine: All thread groups have been started 
2016/07/15 13:00:36 INFO  - jmeter.threads.JMeterThread: Thread started: Next-Episode 1-2 
2016/07/15 13:00:36 INFO  - jmeter.threads.JMeterThread: Thread started: Next-Episode 1-3 
2016/07/15 13:00:37 INFO  - jmeter.threads.JMeterThread: Thread started: Next-Episode 1-4 
2016/07/15 13:00:37 INFO  - jmeter.threads.JMeterThread: Thread started: Next-Episode 1-5 
2016/07/15 13:00:38 INFO  - jmeter.threads.JMeterThread: Thread started: Next-Episode 1-6 
2016/07/15 13:00:38 INFO  - jmeter.threads.JMeterThread: Thread started: Next-Episode 1-7 
2016/07/15 13:00:38 INFO  - jmeter.threads.JMeterThread: Thread is done: Next-Episode 1-1 
2016/07/15 13:00:38 INFO  - jmeter.threads.JMeterThread: Thread finished: Next-Episode 1-1 
2016/07/15 13:00:39 INFO  - jmeter.threads.JMeterThread: Thread started: Next-Episode 1-8 
2016/07/15 13:00:39 INFO  - jmeter.threads.JMeterThread: Thread is done: Next-Episode 1-2 
2016/07/15 13:00:39 INFO  - jmeter.threads.JMeterThread: Thread finished: Next-Episode 1-2 
2016/07/15 13:00:39 INFO  - jmeter.threads.JMeterThread: Thread started: Next-Episode 1-9 
2016/07/15 13:00:40 INFO  - jmeter.threads.JMeterThread: Thread is done: Next-Episode 1-3 
2016/07/15 13:00:40 INFO  - jmeter.threads.JMeterThread: Thread finished: Next-Episode 1-3 
2016/07/15 13:00:40 INFO  - jmeter.threads.JMeterThread: Thread started: Next-Episode 1-10 
2016/07/15 13:00:40 INFO  - jmeter.threads.JMeterThread: Thread is done: Next-Episode 1-4 
2016/07/15 13:00:40 INFO  - jmeter.threads.JMeterThread: Thread finished: Next-Episode 1-4 
2016/07/15 13:00:41 INFO  - jmeter.threads.JMeterThread: Thread is done: Next-Episode 1-6 
2016/07/15 13:00:41 INFO  - jmeter.threads.JMeterThread: Thread finished: Next-Episode 1-6 
2016/07/15 13:00:42 INFO  - jmeter.threads.JMeterThread: Thread is done: Next-Episode 1-5 
2016/07/15 13:00:42 INFO  - jmeter.threads.JMeterThread: Thread finished: Next-Episode 1-5 
2016/07/15 13:00:42 INFO  - jmeter.threads.JMeterThread: Thread is done: Next-Episode 1-7 
2016/07/15 13:00:42 INFO  - jmeter.threads.JMeterThread: Thread finished: Next-Episode 1-7 
2016/07/15 13:00:42 INFO  - jmeter.threads.JMeterThread: Thread is done: Next-Episode 1-8 
2016/07/15 13:00:42 INFO  - jmeter.threads.JMeterThread: Thread finished: Next-Episode 1-8 
2016/07/15 13:00:42 INFO  - jmeter.threads.JMeterThread: Thread is done: Next-Episode 1-9 
2016/07/15 13:00:42 INFO  - jmeter.threads.JMeterThread: Thread finished: Next-Episode 1-9 
2016/07/15 13:00:43 INFO  - jmeter.threads.JMeterThread: Thread is done: Next-Episode 1-10 
2016/07/15 13:00:43 INFO  - jmeter.threads.JMeterThread: Thread finished: Next-Episode 1-10 
2016/07/15 13:00:43 INFO  - jmeter.engine.StandardJMeterEngine: Notifying test listeners of end of test 
2016/07/15 13:00:43 INFO  - jmeter.gui.util.JMeterMenuBar: setRunning(false,*local*) 
2016/07/15 13:12:13 INFO  - jmeter.engine.StandardJMeterEngine: Running the test! 
2016/07/15 13:12:13 INFO  - jmeter.samplers.SampleEvent: List of sample_variables: [] 
2016/07/15 13:12:13 INFO  - jmeter.gui.util.JMeterMenuBar: setRunning(true,*local*) 
2016/07/15 13:12:13 INFO  - jmeter.engine.StandardJMeterEngine: Starting ThreadGroup: 1 : Next-Episode 
2016/07/15 13:12:13 INFO  - jmeter.engine.StandardJMeterEngine: Starting 10 threads for group Next-Episode. 
2016/07/15 13:12:13 INFO  - jmeter.engine.StandardJMeterEngine: Thread will continue on error 
2016/07/15 13:12:13 INFO  - jmeter.threads.ThreadGroup: Starting thread group number 1 threads 10 ramp-up 5 perThread 500.0 delayedStart=false 
2016/07/15 13:12:13 INFO  - jmeter.threads.JMeterThread: Thread started: Next-Episode 1-1 
2016/07/15 13:12:13 INFO  - jmeter.threads.ThreadGroup: Started thread group number 1 
2016/07/15 13:12:13 INFO  - jmeter.engine.StandardJMeterEngine: All thread groups have been started 
2016/07/15 13:12:14 INFO  - jmeter.threads.JMeterThread: Thread started: Next-Episode 1-2 
2016/07/15 13:12:14 INFO  - jmeter.threads.JMeterThread: Thread started: Next-Episode 1-3 
2016/07/15 13:12:15 INFO  - jmeter.threads.JMeterThread: Thread started: Next-Episode 1-4 
2016/07/15 13:12:15 INFO  - jmeter.threads.JMeterThread: Thread started: Next-Episode 1-5 
2016/07/15 13:12:16 INFO  - jmeter.threads.JMeterThread: Thread started: Next-Episode 1-6 
2016/07/15 13:12:16 INFO  - jmeter.threads.JMeterThread: Thread is done: Next-Episode 1-1 
2016/07/15 13:12:16 INFO  - jmeter.threads.JMeterThread: Thread finished: Next-Episode 1-1 
2016/07/15 13:12:16 INFO  - jmeter.threads.JMeterThread: Thread started: Next-Episode 1-7 
2016/07/15 13:12:17 INFO  - jmeter.threads.JMeterThread: Thread started: Next-Episode 1-8 
2016/07/15 13:12:17 INFO  - jmeter.threads.JMeterThread: Thread started: Next-Episode 1-9 
2016/07/15 13:12:17 INFO  - jmeter.threads.JMeterThread: Thread is done: Next-Episode 1-3 
2016/07/15 13:12:17 INFO  - jmeter.threads.JMeterThread: Thread finished: Next-Episode 1-3 
2016/07/15 13:12:18 INFO  - jmeter.threads.JMeterThread: Thread is done: Next-Episode 1-2 
2016/07/15 13:12:18 INFO  - jmeter.threads.JMeterThread: Thread finished: Next-Episode 1-2 
2016/07/15 13:12:18 INFO  - jmeter.threads.JMeterThread: Thread started: Next-Episode 1-10 
2016/07/15 13:12:18 INFO  - jmeter.threads.JMeterThread: Thread is done: Next-Episode 1-4 
2016/07/15 13:12:18 INFO  - jmeter.threads.JMeterThread: Thread finished: Next-Episode 1-4 
2016/07/15 13:12:19 INFO  - jmeter.threads.JMeterThread: Thread is done: Next-Episode 1-5 
2016/07/15 13:12:19 INFO  - jmeter.threads.JMeterThread: Thread finished: Next-Episode 1-5 
2016/07/15 13:12:19 INFO  - jmeter.threads.JMeterThread: Thread is done: Next-Episode 1-6 
2016/07/15 13:12:19 INFO  - jmeter.threads.JMeterThread: Thread finished: Next-Episode 1-6 
2016/07/15 13:12:19 INFO  - jmeter.threads.JMeterThread: Thread is done: Next-Episode 1-7 
2016/07/15 13:12:19 INFO  - jmeter.threads.JMeterThread: Thread finished: Next-Episode 1-7 
2016/07/15 13:12:20 INFO  - jmeter.threads.JMeterThread: Thread is done: Next-Episode 1-8 
2016/07/15 13:12:20 INFO  - jmeter.threads.JMeterThread: Thread finished: Next-Episode 1-8 
2016/07/15 13:12:20 INFO  - jmeter.threads.JMeterThread: Thread is done: Next-Episode 1-9 
2016/07/15 13:12:20 INFO  - jmeter.threads.JMeterThread: Thread finished: Next-Episode 1-9 
2016/07/15 13:12:20 INFO  - jmeter.threads.JMeterThread: Thread is done: Next-Episode 1-10 
2016/07/15 13:12:20 INFO  - jmeter.threads.JMeterThread: Thread finished: Next-Episode 1-10 
2016/07/15 13:12:20 INFO  - jmeter.engine.StandardJMeterEngine: Notifying test listeners of end of test 
2016/07/15 13:12:20 INFO  - jmeter.gui.util.JMeterMenuBar: setRunning(false,*local*) 
2016/07/15 13:13:28 INFO  - jmeter.engine.StandardJMeterEngine: Running the test! 
2016/07/15 13:13:28 INFO  - jmeter.samplers.SampleEvent: List of sample_variables: [] 
2016/07/15 13:13:28 INFO  - jmeter.gui.util.JMeterMenuBar: setRunning(true,*local*) 
2016/07/15 13:13:28 INFO  - jmeter.engine.StandardJMeterEngine: Starting ThreadGroup: 1 : Next-Episode 
2016/07/15 13:13:28 INFO  - jmeter.engine.StandardJMeterEngine: Starting 10 threads for group Next-Episode. 
2016/07/15 13:13:28 INFO  - jmeter.engine.StandardJMeterEngine: Thread will continue on error 
2016/07/15 13:13:28 INFO  - jmeter.threads.ThreadGroup: Starting thread group number 1 threads 10 ramp-up 5 perThread 500.0 delayedStart=false 
2016/07/15 13:13:28 INFO  - jmeter.threads.JMeterThread: Thread started: Next-Episode 1-1 
2016/07/15 13:13:28 INFO  - jmeter.threads.ThreadGroup: Started thread group number 1 
2016/07/15 13:13:28 INFO  - jmeter.engine.StandardJMeterEngine: All thread groups have been started 
2016/07/15 13:13:29 INFO  - jmeter.threads.JMeterThread: Thread started: Next-Episode 1-2 
2016/07/15 13:13:29 INFO  - jmeter.threads.JMeterThread: Thread started: Next-Episode 1-3 
2016/07/15 13:13:30 INFO  - jmeter.threads.JMeterThread: Thread is done: Next-Episode 1-1 
2016/07/15 13:13:30 INFO  - jmeter.threads.JMeterThread: Thread finished: Next-Episode 1-1 
2016/07/15 13:13:30 INFO  - jmeter.threads.JMeterThread: Thread started: Next-Episode 1-4 
2016/07/15 13:13:30 INFO  - jmeter.threads.JMeterThread: Thread is done: Next-Episode 1-2 
2016/07/15 13:13:30 INFO  - jmeter.threads.JMeterThread: Thread finished: Next-Episode 1-2 
2016/07/15 13:13:30 INFO  - jmeter.threads.JMeterThread: Thread started: Next-Episode 1-5 
2016/07/15 13:13:31 INFO  - jmeter.threads.JMeterThread: Thread is done: Next-Episode 1-3 
2016/07/15 13:13:31 INFO  - jmeter.threads.JMeterThread: Thread finished: Next-Episode 1-3 
2016/07/15 13:13:31 INFO  - jmeter.threads.JMeterThread: Thread started: Next-Episode 1-6 
2016/07/15 13:13:31 INFO  - jmeter.threads.JMeterThread: Thread is done: Next-Episode 1-4 
2016/07/15 13:13:31 INFO  - jmeter.threads.JMeterThread: Thread finished: Next-Episode 1-4 
2016/07/15 13:13:31 INFO  - jmeter.threads.JMeterThread: Thread started: Next-Episode 1-7 
2016/07/15 13:13:32 INFO  - jmeter.threads.JMeterThread: Thread is done: Next-Episode 1-5 
2016/07/15 13:13:32 INFO  - jmeter.threads.JMeterThread: Thread finished: Next-Episode 1-5 
2016/07/15 13:13:32 INFO  - jmeter.threads.JMeterThread: Thread started: Next-Episode 1-8 
2016/07/15 13:13:32 INFO  - jmeter.threads.JMeterThread: Thread is done: Next-Episode 1-6 
2016/07/15 13:13:32 INFO  - jmeter.threads.JMeterThread: Thread finished: Next-Episode 1-6 
2016/07/15 13:13:32 INFO  - jmeter.threads.JMeterThread: Thread started: Next-Episode 1-9 
2016/07/15 13:13:33 INFO  - jmeter.threads.JMeterThread: Thread is done: Next-Episode 1-7 
2016/07/15 13:13:33 INFO  - jmeter.threads.JMeterThread: Thread finished: Next-Episode 1-7 
2016/07/15 13:13:33 INFO  - jmeter.threads.JMeterThread: Thread started: Next-Episode 1-10 
2016/07/15 13:13:33 INFO  - jmeter.threads.JMeterThread: Thread is done: Next-Episode 1-8 
2016/07/15 13:13:33 INFO  - jmeter.threads.JMeterThread: Thread finished: Next-Episode 1-8 
2016/07/15 13:13:34 INFO  - jmeter.threads.JMeterThread: Thread is done: Next-Episode 1-9 
2016/07/15 13:13:34 INFO  - jmeter.threads.JMeterThread: Thread finished: Next-Episode 1-9 
2016/07/15 13:13:34 INFO  - jmeter.threads.JMeterThread: Thread is done: Next-Episode 1-10 
2016/07/15 13:13:34 INFO  - jmeter.threads.JMeterThread: Thread finished: Next-Episode 1-10 
2016/07/15 13:13:34 INFO  - jmeter.engine.StandardJMeterEngine: Notifying test listeners of end of test 
2016/07/15 13:13:34 INFO  - jmeter.gui.util.JMeterMenuBar: setRunning(false,*local*) 
2016/07/15 13:16:15 INFO  - jmeter.engine.StandardJMeterEngine: Running the test! 
2016/07/15 13:16:15 INFO  - jmeter.samplers.SampleEvent: List of sample_variables: [] 
2016/07/15 13:16:15 INFO  - jmeter.gui.util.JMeterMenuBar: setRunning(true,*local*) 
2016/07/15 13:16:15 INFO  - jmeter.engine.StandardJMeterEngine: Starting ThreadGroup: 1 : Next-Episode 
2016/07/15 13:16:15 INFO  - jmeter.engine.StandardJMeterEngine: Starting 10 threads for group Next-Episode. 
2016/07/15 13:16:15 INFO  - jmeter.engine.StandardJMeterEngine: Thread will continue on error 
2016/07/15 13:16:15 INFO  - jmeter.threads.ThreadGroup: Starting thread group number 1 threads 10 ramp-up 10 perThread 1000.0 delayedStart=false 
2016/07/15 13:16:15 INFO  - jmeter.threads.JMeterThread: Thread started: Next-Episode 1-1 
2016/07/15 13:16:15 INFO  - jmeter.threads.ThreadGroup: Started thread group number 1 
2016/07/15 13:16:15 INFO  - jmeter.engine.StandardJMeterEngine: All thread groups have been started 
2016/07/15 13:16:16 INFO  - jmeter.threads.JMeterThread: Thread started: Next-Episode 1-2 
2016/07/15 13:16:17 INFO  - jmeter.threads.JMeterThread: Thread started: Next-Episode 1-3 
2016/07/15 13:16:18 INFO  - jmeter.threads.JMeterThread: Thread started: Next-Episode 1-4 
2016/07/15 13:16:19 INFO  - jmeter.threads.JMeterThread: Thread started: Next-Episode 1-5 
2016/07/15 13:16:20 INFO  - jmeter.threads.JMeterThread: Thread is done: Next-Episode 1-1 
2016/07/15 13:16:20 INFO  - jmeter.threads.JMeterThread: Thread finished: Next-Episode 1-1 
2016/07/15 13:16:20 INFO  - jmeter.threads.JMeterThread: Thread started: Next-Episode 1-6 
2016/07/15 13:16:21 INFO  - jmeter.threads.JMeterThread: Thread started: Next-Episode 1-7 
2016/07/15 13:16:21 INFO  - jmeter.threads.JMeterThread: Thread is done: Next-Episode 1-2 
2016/07/15 13:16:21 INFO  - jmeter.threads.JMeterThread: Thread finished: Next-Episode 1-2 
2016/07/15 13:16:22 INFO  - jmeter.threads.JMeterThread: Thread is done: Next-Episode 1-4 
2016/07/15 13:16:22 INFO  - jmeter.threads.JMeterThread: Thread finished: Next-Episode 1-4 
2016/07/15 13:16:22 INFO  - jmeter.threads.JMeterThread: Thread started: Next-Episode 1-8 
2016/07/15 13:16:23 INFO  - jmeter.threads.JMeterThread: Thread is done: Next-Episode 1-3 
2016/07/15 13:16:23 INFO  - jmeter.threads.JMeterThread: Thread finished: Next-Episode 1-3 
2016/07/15 13:16:23 INFO  - jmeter.threads.JMeterThread: Thread started: Next-Episode 1-9 
2016/07/15 13:16:23 INFO  - jmeter.threads.JMeterThread: Thread is done: Next-Episode 1-6 
2016/07/15 13:16:23 INFO  - jmeter.threads.JMeterThread: Thread finished: Next-Episode 1-6 
2016/07/15 13:16:24 INFO  - jmeter.threads.JMeterThread: Thread is done: Next-Episode 1-5 
2016/07/15 13:16:24 INFO  - jmeter.threads.JMeterThread: Thread finished: Next-Episode 1-5 
2016/07/15 13:16:24 INFO  - jmeter.threads.JMeterThread: Thread is done: Next-Episode 1-7 
2016/07/15 13:16:24 INFO  - jmeter.threads.JMeterThread: Thread finished: Next-Episode 1-7 
2016/07/15 13:16:24 INFO  - jmeter.threads.JMeterThread: Thread started: Next-Episode 1-10 
2016/07/15 13:16:25 INFO  - jmeter.threads.JMeterThread: Thread is done: Next-Episode 1-8 
2016/07/15 13:16:25 INFO  - jmeter.threads.JMeterThread: Thread finished: Next-Episode 1-8 
2016/07/15 13:16:26 INFO  - jmeter.threads.JMeterThread: Thread is done: Next-Episode 1-9 
2016/07/15 13:16:26 INFO  - jmeter.threads.JMeterThread: Thread finished: Next-Episode 1-9 
2016/07/15 13:16:27 INFO  - jmeter.threads.JMeterThread: Thread is done: Next-Episode 1-10 
2016/07/15 13:16:27 INFO  - jmeter.threads.JMeterThread: Thread finished: Next-Episode 1-10 
2016/07/15 13:16:27 INFO  - jmeter.engine.StandardJMeterEngine: Notifying test listeners of end of test 
2016/07/15 13:16:27 INFO  - jmeter.gui.util.JMeterMenuBar: setRunning(false,*local*) 
2016/07/15 13:19:59 INFO  - jmeter.engine.StandardJMeterEngine: Running the test! 
2016/07/15 13:19:59 INFO  - jmeter.samplers.SampleEvent: List of sample_variables: [] 
2016/07/15 13:19:59 INFO  - jmeter.gui.util.JMeterMenuBar: setRunning(true,*local*) 
2016/07/15 13:19:59 INFO  - jmeter.engine.StandardJMeterEngine: Starting ThreadGroup: 1 : Next-Episode 
2016/07/15 13:19:59 INFO  - jmeter.engine.StandardJMeterEngine: Starting 10 threads for group Next-Episode. 
2016/07/15 13:19:59 INFO  - jmeter.engine.StandardJMeterEngine: Thread will continue on error 
2016/07/15 13:19:59 INFO  - jmeter.threads.ThreadGroup: Starting thread group number 1 threads 10 ramp-up 10 perThread 1000.0 delayedStart=false 
2016/07/15 13:19:59 INFO  - jmeter.threads.JMeterThread: Thread started: Next-Episode 1-1 
2016/07/15 13:19:59 INFO  - jmeter.threads.ThreadGroup: Started thread group number 1 
2016/07/15 13:19:59 INFO  - jmeter.engine.StandardJMeterEngine: All thread groups have been started 
2016/07/15 13:20:00 INFO  - jmeter.threads.JMeterThread: Thread started: Next-Episode 1-2 
2016/07/15 13:20:01 INFO  - jmeter.threads.JMeterThread: Thread started: Next-Episode 1-3 
2016/07/15 13:20:02 INFO  - jmeter.threads.JMeterThread: Thread started: Next-Episode 1-4 
2016/07/15 13:20:03 INFO  - jmeter.threads.JMeterThread: Thread started: Next-Episode 1-5 
2016/07/15 13:20:04 INFO  - jmeter.threads.JMeterThread: Thread started: Next-Episode 1-6 
2016/07/15 13:20:05 INFO  - jmeter.threads.JMeterThread: Thread started: Next-Episode 1-7 
2016/07/15 13:20:06 INFO  - jmeter.threads.JMeterThread: Thread is done: Next-Episode 1-1 
2016/07/15 13:20:06 INFO  - jmeter.threads.JMeterThread: Thread finished: Next-Episode 1-1 
2016/07/15 13:20:06 INFO  - jmeter.threads.JMeterThread: Thread started: Next-Episode 1-8 
2016/07/15 13:20:07 INFO  - jmeter.threads.JMeterThread: Thread started: Next-Episode 1-9 
2016/07/15 13:20:08 INFO  - jmeter.threads.JMeterThread: Thread started: Next-Episode 1-10 
2016/07/15 13:20:09 INFO  - jmeter.threads.JMeterThread: Thread is done: Next-Episode 1-2 
2016/07/15 13:20:09 INFO  - jmeter.threads.JMeterThread: Thread finished: Next-Episode 1-2 
2016/07/15 13:20:14 INFO  - jmeter.threads.JMeterThread: Thread is done: Next-Episode 1-3 
2016/07/15 13:20:14 INFO  - jmeter.threads.JMeterThread: Thread finished: Next-Episode 1-3 
2016/07/15 13:20:15 INFO  - jmeter.threads.JMeterThread: Thread is done: Next-Episode 1-6 
2016/07/15 13:20:15 INFO  - jmeter.threads.JMeterThread: Thread finished: Next-Episode 1-6 
2016/07/15 13:20:15 INFO  - jmeter.threads.JMeterThread: Thread is done: Next-Episode 1-5 
2016/07/15 13:20:15 INFO  - jmeter.threads.JMeterThread: Thread finished: Next-Episode 1-5 
2016/07/15 13:20:16 INFO  - jmeter.threads.JMeterThread: Thread is done: Next-Episode 1-4 
2016/07/15 13:20:16 INFO  - jmeter.threads.JMeterThread: Thread finished: Next-Episode 1-4 
2016/07/15 13:20:17 INFO  - jmeter.threads.JMeterThread: Thread is done: Next-Episode 1-10 
2016/07/15 13:20:17 INFO  - jmeter.threads.JMeterThread: Thread finished: Next-Episode 1-10 
2016/07/15 13:20:17 INFO  - jmeter.threads.JMeterThread: Thread is done: Next-Episode 1-9 
2016/07/15 13:20:17 INFO  - jmeter.threads.JMeterThread: Thread finished: Next-Episode 1-9 
2016/07/15 13:20:18 INFO  - jmeter.threads.JMeterThread: Thread is done: Next-Episode 1-7 
2016/07/15 13:20:18 INFO  - jmeter.threads.JMeterThread: Thread finished: Next-Episode 1-7 
2016/07/15 13:20:19 INFO  - jmeter.threads.JMeterThread: Thread is done: Next-Episode 1-8 
2016/07/15 13:20:19 INFO  - jmeter.threads.JMeterThread: Thread finished: Next-Episode 1-8 
2016/07/15 13:20:19 INFO  - jmeter.engine.StandardJMeterEngine: Notifying test listeners of end of test 
2016/07/15 13:20:19 INFO  - jmeter.gui.util.JMeterMenuBar: setRunning(false,*local*) 
